726 Sale y vuelve a entrar
1680 In -> Out
1976 Out -> In
2724 Logica de fotos
3539 Sale y vuelve a entrar
3793 GAP
4528 Ninio
4576 Ninio
4309 Tracking ID
4822 GAPS
5015 Sale y vuelve a entrar
5164 Out -> In
5025 In -> Out
5413 In -> Out
5736 Out -> In
5442 In -> Out
5851 Parado en la entrada y salio (tracking id mas corto hubiera agarrado entrada y salida)
6579 GAP
6592 GAP
6611 OUT->IN
6426 Tracking ID
8362 GAP
10448 IN -> OUT

Otras
820 Pocos puntos
836 Pocos puntos
1075 Sacado de fotos
1391 Tracking ID
1397 Sacado de fotos
1727 Sacado de fotos
1420 Sacado de fotos
1577 Sacado de fotos
2139 Sacado de fotos
2141 Sacado de fotos
3722 GAP
3716 GAP
3720 Pocos puntos
3799 Pocos puntos
3801 Pocos puntos
3806 Pocos puntos
3807 Pocos puntos
8356 Pocos puntos
8900 Nnio
8774 Sacado de fotos
10152 Ninio
9950 Pocos puntos
5453 Ninio
5298 Nnio
5536 Nnio
5999 Nino
6005 Nino
5957 Nino
6033 Nino
9197 GAP
10107 Ninio
10157 Ninio